<?xml version="1.0" encoding="UTF-8"?>
<!-- Generated by org.testng.reporters.JUnitXMLReporter -->
<testsuite ignored="0" hostname="preetiacer" failures="0" tests="5" name="Default test" time="41.308" errors="0" timestamp="2023-02-18T16:47:47 PST">
  <testcase classname="projectObjectModel.AutomationTestsPOM" name="checkRememberme3" time="13.831"/>
  <testcase classname="projectObjectModel.AutomationTestsPOM" name="forgotPassword4A" time="6.582"/>
  <testcase classname="projectObjectModel.AutomationTestsPOM" name="forgotPassword4B" time="5.567"/>
  <testcase classname="projectObjectModel.AutomationTestsPOM" name="loginErrorMessage1" time="5.614"/>
  <testcase classname="projectObjectModel.AutomationTestsPOM" name="loginToSalesForce2" time="9.67"/>
</testsuite> <!-- Default test -->
