<?xml version="1.0" encoding="UTF-8"?>
<!-- Generated by org.testng.reporters.JUnitXMLReporter -->
<testsuite ignored="0" hostname="preetiacer" failures="0" tests="5" name="Test" time="54.657" errors="0" timestamp="2023-02-27T13:48:58 PST">
  <testcase classname="projectObjectModel.AutomationTestsPOM" name="checkRememberme3" time="14.734"/>
  <testcase classname="projectObjectModel.AutomationTestsPOM" name="forgotPassword4A" time="6.86"/>
  <testcase classname="projectObjectModel.AutomationTestsPOM" name="forgotPassword4B" time="6.048"/>
  <testcase classname="projectObjectModel.AutomationTestsPOM" name="loginErrorMessage1" time="6.339"/>
  <testcase classname="projectObjectModel.AutomationTestsPOM" name="loginToSalesForce2" time="20.605"/>
</testsuite> <!-- Test -->
