<?xml version="1.0" encoding="UTF-8"?>
<!-- Generated by org.testng.reporters.JUnitXMLReporter -->
<testsuite ignored="0" hostname="preetiacer" failures="0" tests="5" name="Test" time="40.517" errors="0" timestamp="2023-02-27T13:54:50 PST">
  <testcase classname="projectObjectModel.AutomationTestsPOM" name="checkRememberme3" time="12.689"/>
  <testcase classname="projectObjectModel.AutomationTestsPOM" name="forgotPassword4A" time="6.485"/>
  <testcase classname="projectObjectModel.AutomationTestsPOM" name="forgotPassword4B" time="5.497"/>
  <testcase classname="projectObjectModel.AutomationTestsPOM" name="loginErrorMessage1" time="6.071"/>
  <testcase classname="projectObjectModel.AutomationTestsPOM" name="loginToSalesForce2" time="9.75"/>
</testsuite> <!-- Test -->
