<?xml version="1.0" encoding="UTF-8"?>
<testng-results ignored="0" total="5" passed="5" failed="0" skipped="0">
  <reporter-output>
  </reporter-output>
  <suite started-at="2023-02-27T13:54:10 PST" name="Suite" finished-at="2023-02-27T13:54:50 PST" duration-ms="40517">
    <groups>
    </groups>
    <test started-at="2023-02-27T13:54:10 PST" name="Test" finished-at="2023-02-27T13:54:50 PST" duration-ms="40517">
      <class name="projectObjectModel.AutomationTestsPOM">
        <test-method signature="checkRememberme3()[pri:0, instance:projectObjectModel.AutomationTestsPOM@79ad8b2f]" started-at="2023-02-27T13:54:10 PST" name="checkRememberme3" finished-at="2023-02-27T13:54:22 PST" duration-ms="12689" status="PASS">
          <reporter-output>
          </reporter-output>
        </test-method> <!-- checkRememberme3 -->
        <test-method signature="forgotPassword4A()[pri:0, instance:projectObjectModel.AutomationTestsPOM@79ad8b2f]" started-at="2023-02-27T13:54:22 PST" name="forgotPassword4A" finished-at="2023-02-27T13:54:29 PST" duration-ms="6485" status="PASS">
          <reporter-output>
          </reporter-output>
        </test-method> <!-- forgotPassword4A -->
        <test-method signature="forgotPassword4B()[pri:0, instance:projectObjectModel.AutomationTestsPOM@79ad8b2f]" started-at="2023-02-27T13:54:29 PST" name="forgotPassword4B" finished-at="2023-02-27T13:54:34 PST" duration-ms="5497" status="PASS">
          <reporter-output>
          </reporter-output>
        </test-method> <!-- forgotPassword4B -->
        <test-method signature="loginErrorMessage1()[pri:0, instance:projectObjectModel.AutomationTestsPOM@79ad8b2f]" started-at="2023-02-27T13:54:34 PST" name="loginErrorMessage1" finished-at="2023-02-27T13:54:40 PST" duration-ms="6071" status="PASS">
          <reporter-output>
          </reporter-output>
        </test-method> <!-- loginErrorMessage1 -->
        <test-method signature="loginToSalesForce2()[pri:0, instance:projectObjectModel.AutomationTestsPOM@79ad8b2f]" started-at="2023-02-27T13:54:40 PST" name="loginToSalesForce2" finished-at="2023-02-27T13:54:50 PST" duration-ms="9750" status="PASS">
          <reporter-output>
          </reporter-output>
        </test-method> <!-- loginToSalesForce2 -->
      </class> <!-- projectObjectModel.AutomationTestsPOM -->
    </test> <!-- Test -->
  </suite> <!-- Suite -->
</testng-results>
