<?xml version="1.0" encoding="UTF-8"?>
<testsuite name="TestSuite" time="40.498" tests="5" errors="0" skipped="0" failures="0">
  <properties>
[...]
</properties>
  <testcase name="checkRememberme3" classname="projectObjectModel.AutomationTestsPOM" time="12.692"/>
  <testcase name="forgotPassword4A" classname="projectObjectModel.AutomationTestsPOM" time="6.486"/>
  <testcase name="forgotPassword4B" classname="projectObjectModel.AutomationTestsPOM" time="5.497"/>
  <testcase name="loginErrorMessage1" classname="projectObjectModel.AutomationTestsPOM" time="6.072"/>
  <testcase name="loginToSalesForce2" classname="projectObjectModel.AutomationTestsPOM" time="9.751"/>
</testsuite>