<?xml version="1.0" encoding="UTF-8"?>
<testng-results ignored="0" total="5" passed="5" failed="0" skipped="0">
  <reporter-output>
  </reporter-output>
  <suite started-at="2023-02-27T13:48:03 PST" name="Suite" finished-at="2023-02-27T13:48:58 PST" duration-ms="54657">
    <groups>
    </groups>
    <test started-at="2023-02-27T13:48:03 PST" name="Test" finished-at="2023-02-27T13:48:58 PST" duration-ms="54657">
      <class name="projectObjectModel.AutomationTestsPOM">
        <test-method signature="checkRememberme3()[pri:0, instance:projectObjectModel.AutomationTestsPOM@74e52303]" started-at="2023-02-27T13:48:03 PST" name="checkRememberme3" finished-at="2023-02-27T13:48:18 PST" duration-ms="14734" status="PASS">
          <reporter-output>
          </reporter-output>
        </test-method> <!-- checkRememberme3 -->
        <test-method signature="forgotPassword4A()[pri:0, instance:projectObjectModel.AutomationTestsPOM@74e52303]" started-at="2023-02-27T13:48:18 PST" name="forgotPassword4A" finished-at="2023-02-27T13:48:25 PST" duration-ms="6860" status="PASS">
          <reporter-output>
          </reporter-output>
        </test-method> <!-- forgotPassword4A -->
        <test-method signature="forgotPassword4B()[pri:0, instance:projectObjectModel.AutomationTestsPOM@74e52303]" started-at="2023-02-27T13:48:25 PST" name="forgotPassword4B" finished-at="2023-02-27T13:48:31 PST" duration-ms="6048" status="PASS">
          <reporter-output>
          </reporter-output>
        </test-method> <!-- forgotPassword4B -->
        <test-method signature="loginErrorMessage1()[pri:0, instance:projectObjectModel.AutomationTestsPOM@74e52303]" started-at="2023-02-27T13:48:31 PST" name="loginErrorMessage1" finished-at="2023-02-27T13:48:37 PST" duration-ms="6339" status="PASS">
          <reporter-output>
          </reporter-output>
        </test-method> <!-- loginErrorMessage1 -->
        <test-method signature="loginToSalesForce2()[pri:0, instance:projectObjectModel.AutomationTestsPOM@74e52303]" started-at="2023-02-27T13:48:37 PST" name="loginToSalesForce2" finished-at="2023-02-27T13:48:58 PST" duration-ms="20605" status="PASS">
          <reporter-output>
          </reporter-output>
        </test-method> <!-- loginToSalesForce2 -->
      </class> <!-- projectObjectModel.AutomationTestsPOM -->
    </test> <!-- Test -->
  </suite> <!-- Suite -->
</testng-results>
