<?xml version="1.0" encoding="UTF-8"?>
<testng-results ignored="37" total="38" passed="1" failed="0" skipped="0">
  <reporter-output>
  </reporter-output>
  <suite started-at="2023-02-11T12:27:43 PST" name="Default suite" finished-at="2023-02-11T12:28:03 PST" duration-ms="20477">
    <groups>
    </groups>
    <test started-at="2023-02-11T12:27:43 PST" name="Default test" finished-at="2023-02-11T12:28:03 PST" duration-ms="20477">
      <class name="salesForce.SalesForceAutomation">
        <test-method is-config="true" signature="setUpBeforeTest()[pri:0, instance:salesForce.SalesForceAutomation@2a3b5b47]" started-at="2023-02-11T12:27:43 PST" name="setUpBeforeTest" finished-at="2023-02-11T12:27:43 PST" duration-ms="426" status="PASS">
          <reporter-output>
          </reporter-output>
        </test-method> <!-- setUpBeforeTest -->
        <test-method signature="recurringEvent37()[pri:0, instance:salesForce.SalesForceAutomation@2a3b5b47]" started-at="2023-02-11T12:27:43 PST" name="recurringEvent37" finished-at="2023-02-11T12:28:03 PST" duration-ms="20025" status="PASS">
          <reporter-output>
          </reporter-output>
        </test-method> <!-- recurringEvent37 -->
      </class> <!-- salesForce.SalesForceAutomation -->
    </test> <!-- Default test -->
  </suite> <!-- Default suite -->
</testng-results>
